<?xml version="1.0" encoding="UTF-8"?>
<!-- Generated by org.testng.reporters.JUnitReportReporter -->
<testsuite hostname="DESKTOP-GE6CGLT" failures="0" tests="1" name="com.test.Test_11" time="23.011" errors="0" timestamp="2022-06-19T21:41:13 IST" skipped="0">
  <testcase classname="com.test.Test_11" name="Test_001" time="23.011"/>
  <system-out/>
</testsuite> <!-- com.test.Test_11 -->
